mktextfm Tahoma
mktextfm Tahoma
mktextfm Tahoma
mktextfm Tahoma
mktextfm Tahoma/B
mktextfm Tahoma
mktextfm Tahoma/I
mktextfm Tahoma
mktextfm Tahoma/BI
mktextfm SimSun/ICU
mktextfm SimSun/ICU
mktextfm SimSun/ICU
mktextfm SimSun/ICU
mktextfm SimSun/ICU
mktextfm SimSun/ICU
mktextfm nullfont
mktextfm nullfont
mktextfm nullfont
mktextfm Tahoma
mktextfm Tahoma
mktextfm Tahoma
mktextfm Tahoma
mktextfm Tahoma/B
mktextfm Tahoma
mktextfm Tahoma/I
mktextfm Tahoma
mktextfm Tahoma/BI
mktextfm nullfont
mktextfm nullfont
mktextfm nullfont
mktextfm nullfont
mktextfm nullfont
mktextfm nullfont
mktextfm SimSun/ICU
mktextfm SimSun/ICU
mktextfm SimSun/ICU
mktextfm SimSun/ICU
mktextfm SimSun/ICU
mktextfm SimSun/ICU
mktextfm nullfont
mktextfm nullfont
mktextfm nullfont
mktextfm SimSun/ICU
mktextfm SimSun/ICU
mktextfm SimSun/ICU
mktextfm SimSun/ICU
mktextfm SimSun/ICU
mktextfm SimSun/ICU
mktextfm nullfont
mktextfm nullfont
mktextfm nullfont
